<?xml version="1.0" encoding="UTF-8" standalone="no"?>
<testsuite failures="0" name="cucumber.runtime.formatter.JUnitFormatter" skipped="0" tests="1" time="8.766145">
    <testcase classname="create new Customer" name="create contact scenario" time="8.766145">
        <system-out>
            <![CDATA[Given user is available on login Page.......................................passed
When title of login page is Guru99 Bank Manager HomePage....................passed
Then user entered username and password.....................................passed
Then user click on login button.............................................passed
Then user is on manager home page...........................................passed
Then title of the home page is Guru99 Bank Manager HomePage.................passed
Then mouse hover to contact and click New Customer..........................passed
Then user enter customer name...............................................passed
Then user enter gender......................................................passed
Then user enter date of birth...............................................passed
Then user enter adderss and city and state and PIN and mobile and email and Password.passed
Then user enter submit......................................................passed
Then close the browser......................................................passed
]]>
        </system-out>
    </testcase>
</testsuite>
